<?xml version="1.0" encoding="UTF-8"?>
<!-- Generated by org.testng.reporters.JUnitXMLReporter -->
<testsuite ignored="0" hostname="MBK-TECH-763-MAC.local" failures="0" tests="2" name="Test" time="27.076" errors="0" timestamp="2022-12-20T00:50:07 IST">
  <testcase classname="mbkmerchant.MbkOnlineTest.RedmSuffWalletTest" name="redmWalleTxn" time="12.577"/>
  <testcase classname="mbkmerchant.MbkOnlineTest.PowerWalletAddmoneyAndDebitTest" name="powerWallerAddMoneyDebitSuffTxn" time="14.43"/>
</testsuite> <!-- Test -->
