<?xml version="1.0" encoding="UTF-8"?>
<testng-results ignored="0" total="2" passed="2" failed="0" skipped="0">
  <reporter-output>
  </reporter-output>
  <suite started-at="2022-12-20T00:49:35 IST" name="Suite" finished-at="2022-12-20T00:50:02 IST" duration-ms="27076">
    <groups>
    </groups>
    <test started-at="2022-12-20T00:49:35 IST" name="Test" finished-at="2022-12-20T00:50:02 IST" duration-ms="27076">
      <class name="mbkmerchant.MbkOnlineTest.RedmSuffWalletTest">
        <test-method signature="redmWalleTxn()[pri:0, instance:mbkmerchant.MbkOnlineTest.RedmSuffWalletTest@750e2b97]" started-at="2022-12-20T00:49:35 IST" name="redmWalleTxn" finished-at="2022-12-20T00:49:48 IST" duration-ms="12577" status="PASS">
          <reporter-output>
          </reporter-output>
        </test-method> <!-- redmWalleTxn -->
      </class> <!-- mbkmerchant.MbkOnlineTest.RedmSuffWalletTest -->
      <class name="mbkmerchant.MbkOnlineTest.PowerWalletAddmoneyAndDebitTest">
        <test-method signature="powerWallerAddMoneyDebitSuffTxn()[pri:0, instance:mbkmerchant.MbkOnlineTest.PowerWalletAddmoneyAndDebitTest@53fe15ff]" started-at="2022-12-20T00:49:48 IST" name="powerWallerAddMoneyDebitSuffTxn" finished-at="2022-12-20T00:50:02 IST" duration-ms="14430" status="PASS">
          <reporter-output>
          </reporter-output>
        </test-method> <!-- powerWallerAddMoneyDebitSuffTxn -->
      </class> <!-- mbkmerchant.MbkOnlineTest.PowerWalletAddmoneyAndDebitTest -->
    </test> <!-- Test -->
  </suite> <!-- Suite -->
</testng-results>
